
2017-08-24 16:08:54
[INFO]-[Thread: http-nio-8180-exec-6]-[com.clps.sms.sys.service.impl.AccountServiceImpl.login()]: 123mes

2017-08-24 16:09:15
[INFO]-[Thread: http-nio-8180-exec-10]-[com.clps.sms.sys.controller.Logout.doGet()]: 注销

2017-08-24 16:09:36
[INFO]-[Thread: http-nio-8180-exec-8]-[com.clps.sms.sys.service.impl.AccountServiceImpl.login()]: 123mes

2017-08-24 16:12:27
[INFO]-[Thread: http-nio-8180-exec-5]-[com.clps.sms.sys.service.impl.AccountServiceImpl.login()]: 123mes

2017-08-24 16:25:30
[INFO]-[Thread: http-nio-8180-exec-8]-[com.clps.sms.sys.service.impl.AccountServiceImpl.login()]: 123mes

2017-08-24 17:14:57
[INFO]-[Thread: http-nio-8180-exec-3]-[com.clps.sms.sys.service.impl.AccountServiceImpl.login()]: 123mes

2017-08-24 17:20:03
[INFO]-[Thread: http-nio-8180-exec-3]-[com.clps.sms.sys.service.impl.AccountServiceImpl.login()]: 123mes

2017-08-24 17:24:58
[INFO]-[Thread: http-nio-8180-exec-4]-[com.clps.sms.sys.service.impl.AccountServiceImpl.login()]: 123mes

2017-08-24 17:27:07
[INFO]-[Thread: http-nio-8180-exec-3]-[com.clps.sms.sys.service.impl.AccountServiceImpl.login()]: 123mes

2017-08-24 17:44:51
[INFO]-[Thread: http-nio-8180-exec-5]-[com.clps.sms.sys.service.impl.AccountServiceImpl.login()]: 123mes

2017-08-25 09:19:53
[INFO]-[Thread: http-nio-8180-exec-10]-[com.clps.sms.sys.service.impl.AccountServiceImpl.login()]: testmes

2017-08-25 09:20:12
[INFO]-[Thread: http-nio-8180-exec-3]-[com.clps.sms.sys.controller.Logout.doGet()]: 注销

2017-08-25 09:20:28
[INFO]-[Thread: http-nio-8180-exec-9]-[com.clps.sms.sys.service.impl.AccountServiceImpl.login()]: 123mes

2017-08-25 09:21:07
[INFO]-[Thread: http-nio-8180-exec-3]-[com.clps.sms.sys.controller.Logout.doGet()]: 注销

2017-08-25 09:21:21
[INFO]-[Thread: http-nio-8180-exec-4]-[com.clps.sms.sys.controller.Logout.doGet()]: 注销

2017-08-25 09:23:05
[INFO]-[Thread: http-nio-8180-exec-10]-[com.clps.sms.sys.service.impl.AccountServiceImpl.login()]: testmes

2017-08-25 09:23:23
[INFO]-[Thread: http-nio-8180-exec-11]-[com.clps.sms.sys.service.impl.AccountServiceImpl.login()]: testmes

2017-08-25 09:23:57
[INFO]-[Thread: http-nio-8180-exec-4]-[com.clps.sms.sys.service.impl.AccountServiceImpl.login()]: testmes

2017-08-25 09:24:48
[INFO]-[Thread: http-nio-8180-exec-16]-[com.clps.sms.sys.service.impl.AccountServiceImpl.login()]: test

2017-08-25 09:26:57
[INFO]-[Thread: http-nio-8180-exec-22]-[com.clps.sms.sys.service.impl.AccountServiceImpl.login()]: test

2017-08-25 09:27:57
[INFO]-[Thread: http-nio-8180-exec-24]-[com.clps.sms.sys.service.impl.AccountServiceImpl.login()]: test

2017-08-25 09:28:10
[INFO]-[Thread: http-nio-8180-exec-18]-[com.clps.sms.sys.controller.Logout.doGet()]: 注销

2017-08-25 09:28:32
[INFO]-[Thread: http-nio-8180-exec-30]-[com.clps.sms.sys.controller.Logout.doGet()]: 注销

2017-08-25 09:28:33
[INFO]-[Thread: http-nio-8180-exec-23]-[com.clps.sms.sys.controller.Logout.doGet()]: 注销

2017-08-25 10:21:19
[INFO]-[Thread: http-nio-8180-exec-5]-[com.clps.sms.sys.service.impl.AccountServiceImpl.login()]: test

2017-08-25 10:24:38
[INFO]-[Thread: http-nio-8180-exec-3]-[com.clps.sms.sys.service.impl.AccountServiceImpl.login()]: test

2017-08-25 15:05:49
[INFO]-[Thread: http-nio-8180-exec-7]-[com.clps.sms.sys.service.impl.AccountServiceImpl.login()]: test

2017-08-25 15:31:56
[INFO]-[Thread: http-nio-8180-exec-4]-[com.clps.sms.sys.service.impl.AccountServiceImpl.login()]: test

2017-08-25 15:45:45
[INFO]-[Thread: http-nio-8180-exec-3]-[com.clps.sms.sys.service.impl.AccountServiceImpl.login()]: test

2017-08-25 15:50:13
[INFO]-[Thread: http-nio-8180-exec-3]-[com.clps.sms.sys.service.impl.AccountServiceImpl.login()]: test
